2022-11-24 02:18:08 INFO  : User irka05 is logged in
2022-11-24 02:18:21 INFO  : User irka05 is logged in
2022-11-24 02:18:22 INFO  : User irka05 is logged in
2022-11-24 02:18:22 INFO  : User irka05 is logged in
2022-11-24 02:18:23 INFO  : User irka05 is logged in
2022-11-24 02:18:28 INFO  : User irka05 is logged in
2022-11-24 02:18:28 INFO  : User irka05 is logged in
2022-11-24 10:37:28 INFO  : User irka05 is logged in
2022-11-24 12:29:52 INFO  : User irka05 is logged in
2022-11-24 12:33:09 INFO  : User irka05 is logged in
2022-11-24 12:34:36 INFO  : User irka05 is logged in
2022-11-24 12:35:10 INFO  : User irka05 is logged in
2022-11-24 12:35:28 INFO  : User irka05 is logged in
2022-11-24 12:36:00 INFO  : User irka05 is logged in
2022-11-24 12:36:21 INFO  : User irka05 is logged in
2022-11-24 12:37:00 INFO  : User irka05 is logged in
2022-11-24 12:37:29 INFO  : User irka05 is logged in
2022-11-24 12:38:48 INFO  : User irka05 is logged in
2022-11-24 19:34:35 INFO  : User irka05 is logged in
2022-11-24 21:09:41 INFO  : User irka05 is logged in
2022-11-24 21:10:31 INFO  : User irka05 is logged in
2022-11-25 02:47:47 INFO  : User irka05 is logged in
2022-11-25 02:50:00 INFO  : User irka05 is logged in
2022-11-25 02:51:57 INFO  : User irka05 is logged in
2022-11-25 02:52:22 INFO  : User irka05 is logged in
2022-11-25 02:53:03 INFO  : User irka05 is logged in
2022-11-25 02:53:16 INFO  : User irka05 is logged in
2022-11-25 02:54:02 INFO  : User irka05 is logged in
2022-11-25 02:55:24 INFO  : User irka05 is logged in
2022-11-25 02:55:59 INFO  : User irka05 is logged in
2022-11-25 02:56:36 INFO  : User irka05 is logged in
2022-11-25 02:56:56 INFO  : User irka05 is logged in
2022-11-25 02:58:05 INFO  : User irka05 is logged in
2022-11-25 03:03:07 INFO  : User irka05 is logged in
2022-11-25 03:03:36 INFO  : User irka05 is logged in
2022-11-25 11:45:47 INFO  : User irka05 is logged in
2022-11-25 11:54:46 INFO  : User irka05 is logged in
2022-11-25 11:55:41 INFO  : User irka05 is logged in
2022-11-25 17:21:33 INFO  : User irka05 is logged in
2022-11-25 17:35:57 INFO  : User irka05 is logged in
2022-11-25 17:36:15 INFO  : User irka05 is logged in
2022-11-25 17:36:46 INFO  : User irka05 is logged in
2022-11-25 17:36:58 INFO  : User irka05 is logged in
2022-11-25 17:49:01 INFO  : User irka05 is logged in
2022-11-25 17:57:33 INFO  : User irka05 is logged in
2022-11-25 17:57:47 INFO  : User irka05 is logged in
2022-11-25 17:58:18 INFO  : User irka05 is logged in
2022-11-25 17:59:14 INFO  : User irka05 is logged in
2022-11-25 17:59:53 INFO  : User irka05 is logged in
2022-11-25 18:12:56 INFO  : User irka05 is logged in
2022-11-25 18:39:18 INFO  : User irka05 is logged in
2022-11-25 19:03:50 INFO  : User irka05 is logged in
2022-11-25 19:07:27 INFO  : User irka05 is logged in
2022-11-25 19:11:54 INFO  : User irka05 is logged in
2022-11-25 19:45:29 INFO  : User irka05 is logged in
2022-11-25 21:01:24 INFO  : User irka05 is logged in
2022-11-25 23:40:37 INFO  : User irka05 is logged in
2022-11-25 23:41:38 INFO  : User irka05 is logged in
2022-11-25 23:42:26 INFO  : User irka05 is logged in
2022-11-25 23:44:00 INFO  : User irka05 is logged in
2022-11-26 00:08:13 INFO  : User irka05 is logged in
2022-11-26 00:10:33 INFO  : User irka05 is logged in
2022-11-26 00:12:31 INFO  : User irka05 is logged in
2022-11-26 00:13:39 INFO  : User irka05 is logged in
2022-11-26 00:15:48 INFO  : User irka05 is logged in
2022-11-26 00:17:00 INFO  : User irka05 is logged in
2022-11-26 00:17:44 INFO  : User irka05 is logged in
2022-11-26 00:24:30 INFO  : User irka05 is logged in
2022-11-26 00:28:50 INFO  : User irka05 is logged in
2022-11-26 00:30:06 INFO  : User irka05 is logged in
2022-11-26 00:30:38 INFO  : User irka05 is logged in
2022-11-26 00:32:49 INFO  : User irka05 is logged in
2022-11-26 00:33:48 INFO  : User irka05 is logged in
2022-11-26 00:34:21 INFO  : User irka05 is logged in
2022-11-26 00:35:30 INFO  : User irka05 is logged in
2022-11-26 00:36:00 INFO  : User irka05 is logged in
2022-11-26 00:41:36 INFO  : User irka05 is logged in
2022-11-26 00:43:06 INFO  : User irka05 is logged in
2022-11-26 13:49:03 INFO  : User irka05 is logged in
2022-11-26 13:53:41 INFO  : User irka05 is logged in
2022-11-26 13:54:32 INFO  : User irka05 is logged in
2022-11-26 13:55:48 INFO  : User irka05 is logged in
2022-11-26 14:19:40 INFO  : User irka05 is logged in
2022-11-26 14:20:12 INFO  : User irka05 is logged in
2022-11-26 14:20:36 INFO  : User irka05 is logged in
2022-11-26 14:21:38 INFO  : User irka05 is logged in
2022-11-26 17:42:52 INFO  : User irka05 is logged in
2022-11-26 18:13:14 INFO  : User irka05 is logged in
2022-11-26 18:14:08 INFO  : User irka05 is logged in
2022-11-26 18:14:49 INFO  : User irka05 is logged in
2022-11-26 18:15:05 INFO  : User irka05 is logged in
2022-11-26 18:15:33 INFO  : User irka05 is logged in
2022-11-26 18:16:39 INFO  : User irka05 is logged in
2022-11-26 18:18:01 INFO  : User irka05 is logged in
2022-11-26 18:18:18 INFO  : User irka05 is logged in
2022-11-26 18:21:42 INFO  : User irka05 is logged in
2022-11-26 18:23:03 INFO  : User irka05 is logged in
2022-11-26 18:23:26 INFO  : User irka05 is logged in
2022-11-26 18:24:05 INFO  : User irka05 is logged in
2022-11-26 18:24:50 INFO  : User irka05 is logged in
2022-11-26 18:25:03 INFO  : User irka05 is logged in
2022-11-26 18:25:44 INFO  : User irka05 is logged in
2022-11-26 18:27:56 INFO  : User irka05 is logged in
2022-11-26 18:33:07 INFO  : User irka05 is logged in
2022-11-26 18:33:30 INFO  : User irka05 is logged in
2022-11-26 18:35:58 INFO  : User irka05 is logged in
2022-11-26 18:36:17 INFO  : User irka05 is logged in
2022-11-26 18:36:29 INFO  : User irka05 is logged in
2022-11-26 18:36:50 INFO  : User irka05 is logged in
2022-11-26 18:37:15 INFO  : User irka05 is logged in
2022-11-26 18:37:32 INFO  : User irka05 is logged in
2022-11-26 18:38:51 INFO  : User irka05 is logged in
2022-11-26 18:39:05 INFO  : User irka05 is logged in
2022-11-26 18:39:37 INFO  : User irka05 is logged in
2022-11-26 18:39:59 INFO  : User irka05 is logged in
2022-11-26 18:41:15 INFO  : User irka05 is logged in
2022-11-26 18:46:24 INFO  : User irka05 is logged in
2022-11-26 18:46:55 INFO  : User irka05 is logged in
2022-11-26 18:47:17 INFO  : User irka05 is logged in
2022-11-26 18:48:38 INFO  : User irka05 is logged in
2022-11-26 18:49:14 INFO  : User irka05 is logged in
2022-11-26 18:50:07 INFO  : User irka05 is logged in
2022-11-26 18:51:23 INFO  : User irka05 is logged in
2022-11-26 18:53:42 INFO  : User irka05 is logged in
2022-11-26 18:58:08 INFO  : User irka05 is logged in
2022-11-26 18:58:41 INFO  : User irka05 is logged in
2022-11-26 19:01:34 INFO  : User irka05 is logged in
2022-11-26 19:02:43 INFO  : User irka05 is logged in
2022-11-26 19:07:30 INFO  : User irka05 is logged in
2022-11-26 19:07:48 INFO  : User irka05 is logged in
2022-11-26 19:08:47 INFO  : User irka05 is logged in
2022-11-26 19:09:23 INFO  : User irka05 is logged in
2022-11-26 20:01:07 INFO  : User irka05(Id0) is logged in
2022-11-26 20:02:27 INFO  : User irka05(Id0) is logged in
2022-11-26 23:35:27 INFO  : User irka05(Id0) is logged in
2022-11-26 23:38:55 INFO  : User irka05(Id0) is logged in
2022-11-26 23:39:41 INFO  : User irka05(Id0) is logged in
2022-11-26 23:39:57 INFO  : User irka05(Id0) is logged in
2022-11-26 23:42:29 INFO  : User irka05(Id0) is logged in
2022-11-26 23:43:19 INFO  : User irka05(Id0) is logged in
2022-11-26 23:43:45 INFO  : User irka05(Id0) is logged in
2022-11-26 23:44:11 INFO  : User irka05(Id0) is logged in
2022-11-26 23:45:37 INFO  : User irka05(Id0) is logged in
2022-11-26 23:46:18 INFO  : User irka05(Id0) is logged in
2022-11-26 23:48:07 INFO  : User irka05(Id0) is logged in
2022-11-26 23:48:55 INFO  : User irka05(Id0) is logged in
2022-11-26 23:50:41 INFO  : User irka05(Id0) is logged in
2022-11-26 23:53:13 INFO  : User irka05(Id1002) is logged in
2022-11-26 23:55:13 INFO  : User irka05(Id1002) is logged in
2022-11-26 23:58:19 INFO  : User irka05(Id1002) is logged in
2022-11-26 23:59:27 INFO  : User irka05(Id1002) is logged in
2022-11-27 00:01:05 INFO  : User irka05(Id1002) is logged in
2022-11-27 00:02:14 INFO  : User irka05(Id1002) is logged in
2022-11-27 00:26:39 INFO  : User irka05(Id1002) is logged in
2022-11-27 00:28:36 INFO  : User irka05(Id1002) is logged in
2022-11-27 00:30:59 INFO  : User irka05(Id1002) is logged in
2022-11-27 00:31:43 INFO  : User irka05(Id1002) is logged in
2022-11-27 00:32:42 INFO  : User irka05(Id1002) is logged in
2022-11-27 00:33:19 INFO  : User irka05(Id1002) is logged in
2022-11-27 00:34:08 INFO  : User irka05(Id1002) is logged in
2022-11-27 00:37:36 INFO  : User irka05(Id1002) is logged in
2022-11-27 00:39:41 INFO  : User irka05(Id1002) is logged in
2022-11-27 00:40:09 INFO  : User irka05(Id1002) is logged in
2022-11-27 00:41:46 INFO  : User irka05(Id1002) is logged in
2022-11-27 00:42:30 INFO  : User irka05(Id1002) is logged in
2022-11-27 00:43:01 INFO  : User irka05(Id1002) is logged in
2022-11-27 01:22:38 INFO  : User irka05(Id1002) is logged in
2022-11-27 01:23:51 INFO  : User irka05(Id1002) is logged in
2022-11-27 01:53:57 INFO  : User irka05(Id1002) is logged in
2022-11-27 01:57:10 INFO  : User irka05(Id1002) is logged in
2022-11-27 18:21:25 INFO  : User irka05(Id1002) is logged in
2022-11-27 18:22:10 INFO  : User irka05(Id1002) is logged in
2022-11-27 18:22:22 INFO  : User irka05(Id1002) is logged in
2022-11-27 18:23:03 INFO  : User irka05(Id1002) is logged in
2022-11-27 18:23:41 INFO  : User irka05(Id1002) is logged in
2022-11-27 18:23:53 INFO  : User irka05(Id1002) is logged in
2022-11-27 18:24:21 INFO  : User irka05(Id1002) is logged in
2022-11-27 18:25:36 INFO  : User irka05(Id1002) is logged in
2022-11-27 18:26:23 INFO  : User irka05(Id1002) is logged in
2022-11-27 18:27:05 INFO  : User irka05(Id1002) is logged in
2022-11-27 18:29:03 INFO  : User irka05(Id1002) is logged in
2022-11-27 18:29:55 INFO  : User irka05(Id1002) is logged in
2022-11-27 18:31:04 INFO  : User irka05(Id1002) is logged in
2022-11-27 18:32:00 INFO  : User irka05(Id1002) is logged in
2022-11-27 18:32:25 INFO  : User irka05(Id1002) is logged in
2022-11-27 18:34:16 INFO  : User irka05(Id1002) is logged in
2022-11-27 18:34:32 INFO  : User irka05(Id1002) is logged in
2022-11-27 18:35:03 INFO  : User irka05(Id1002) is logged in
2022-11-27 18:36:10 INFO  : User irka05(Id1002) is logged in
2022-11-27 18:38:07 INFO  : User irka05(Id1002) is logged in
2022-11-27 18:38:18 INFO  : User irka05(Id1002) is logged in
2022-11-27 18:39:22 INFO  : User irka05(Id1002) is logged in
2022-11-27 18:41:19 INFO  : User irka05(Id1002) is logged in
2022-11-27 18:41:45 INFO  : User irka05(Id1002) is logged in
2022-11-27 18:42:42 INFO  : User irka05(Id1002) is logged in
2022-11-27 18:42:57 INFO  : User irka05(Id1002) is logged in
2022-11-27 18:43:30 INFO  : User irka05(Id1002) is logged in
2022-11-27 18:45:15 INFO  : User irka05(Id1002) is logged in
2022-11-27 18:45:57 INFO  : User irka05(Id1002) is logged in
2022-11-27 18:46:29 INFO  : User irka05(Id1002) is logged in
2022-11-27 18:46:51 INFO  : User irka05(Id1002) is logged in
2022-11-27 18:47:17 INFO  : User irka05(Id1002) is logged in
2022-11-27 18:47:35 INFO  : User irka05(Id1002) is logged in
2022-11-27 18:51:10 INFO  : User irka05(Id1002) is logged in
2022-11-27 19:11:04 INFO  : User irka05(Id1002) is logged in
2022-11-27 19:11:24 INFO  : User irka05(Id1002) is logged in
2022-11-27 19:44:04 INFO  : User irka05(Id1002) is logged in
2022-11-27 19:44:23 INFO  : User irka05(Id1002) is logged in
2022-11-27 20:57:16 INFO  : User irka05(Id1002) is logged in
2022-11-27 20:58:55 INFO  : User irka05(Id1002) is logged in
2022-11-27 20:59:18 INFO  : User irka05(Id1002) is logged in
2022-11-27 21:00:11 INFO  : User irka05(Id1002) is logged in
2022-11-27 21:00:22 INFO  : User irka05(Id1002) is logged in
2022-11-27 21:01:11 INFO  : User irka05(Id1002) is logged in
2022-11-27 21:01:42 INFO  : User irka05(Id1002) is logged in
2022-11-27 21:02:14 INFO  : User irka05(Id1002) is logged in
2022-11-27 21:10:52 INFO  : User irka05(Id1002) is logged in
2022-11-27 21:11:31 INFO  : User irka05(Id1002) is logged in
2022-11-27 21:13:22 INFO  : User irka05(Id1002) is logged in
2022-11-27 21:14:07 INFO  : User irka05(Id1002) is logged in
2022-11-27 21:15:12 INFO  : User irka05(Id1002) is logged in
2022-11-27 21:16:08 INFO  : User irka05(Id1002) is logged in
2022-11-27 21:16:44 INFO  : User irka05(Id1002) is logged in
2022-11-27 21:17:15 INFO  : User irka05(Id1002) is logged in
2022-11-27 21:17:53 INFO  : User irka05(Id1002) is logged in
2022-11-27 21:20:07 INFO  : User irka05(Id1002) is logged in
2022-11-27 21:36:58 INFO  : User irka05(Id1002) is logged in
2022-11-27 21:37:14 INFO  : User irka05(Id1002) is logged in
2022-11-27 21:37:43 INFO  : User irka05(Id1002) is logged in
2022-11-27 21:39:15 INFO  : User irka05(Id1002) is logged in
2022-11-27 21:40:51 INFO  : User irka05(Id1002) is logged in
2022-11-27 21:41:11 INFO  : User irka05(Id1002) is logged in
2022-11-27 21:41:39 INFO  : User irka05(Id1002) is logged in
2022-11-27 21:42:04 INFO  : User irka05(Id1002) is logged in
2022-11-27 21:42:45 INFO  : User irka05(Id1002) is logged in
2022-11-27 22:23:43 INFO  : User irka05(Id1002) is logged in
2022-11-27 22:24:53 INFO  : User irka05(Id1002) is logged in
2022-11-27 22:28:13 INFO  : User irka05(Id1002) is logged in
2022-11-27 22:29:28 INFO  : User irka05(Id1002) is logged in
2022-11-27 22:45:49 INFO  : User irka05(Id1002) is logged in
2022-11-27 23:38:31 INFO  : User irka05(Id1002) is logged in
2022-11-28 00:15:18 INFO  : User irka05(Id1002) is logged in
2022-11-28 00:15:43 INFO  : User irka05(Id1002) is logged in
2022-11-28 00:17:12 INFO  : User irka05(Id1002) is logged in
2022-11-28 00:19:19 INFO  : User irka05(Id1002) is logged in
2022-11-28 00:22:04 INFO  : User irka05(Id1002) is logged in
2022-11-28 00:22:34 INFO  : User irka05(Id1002) is logged in
2022-11-28 00:23:42 INFO  : User irka05(Id1002) is logged in
2022-11-28 00:24:35 INFO  : User irka05(Id1002) is logged in
2022-11-28 00:25:12 INFO  : User irka05(Id1002) is logged in
2022-11-28 00:25:40 INFO  : User irka05(Id1002) is logged in
2022-11-28 00:26:35 INFO  : User irka05(Id1002) is logged in
2022-11-28 00:27:29 INFO  : User irka05(Id1002) is logged in
2022-11-28 00:28:05 INFO  : User irka05(Id1002) is logged in
2022-11-28 00:28:27 INFO  : User irka05(Id1002) is logged in
2022-11-28 00:28:50 INFO  : User irka05(Id1002) is logged in
2022-11-28 00:29:09 INFO  : User irka05(Id1002) is logged in
2022-11-28 00:29:33 INFO  : User irka05(Id1002) is logged in
2022-11-28 00:43:36 INFO  : User irka05(Id1002) is logged in
2022-11-28 00:43:46 INFO  : User irka05(Id1002) is logged in
2022-11-28 00:44:36 INFO  : User irka05(Id1002) is logged in
2022-11-28 00:46:27 INFO  : User irka05(Id1002) is logged in
2022-11-28 00:46:44 INFO  : User irka05(Id1002) is logged in
2022-11-28 00:47:38 INFO  : User irka05(Id1002) is logged in
2022-11-28 00:49:30 INFO  : User irka05(Id1002) is logged in
2022-11-28 00:50:20 INFO  : User irka05(Id1002) is logged in
2022-11-28 00:50:44 INFO  : User irka05(Id1002) is logged in
2022-11-28 01:00:14 INFO  : User irka05(Id1002) is logged in
2022-11-28 01:32:24 INFO  : User irka05(Id1002) is logged in
2022-11-28 01:34:45 INFO  : User irka05(Id1002) is logged in
2022-11-28 01:35:21 INFO  : User irka05(Id1002) is logged in
2022-11-28 01:35:44 INFO  : User irka05(Id1002) is logged in
2022-11-28 02:47:21 INFO  : User irka05(Id1002) is logged in
2022-11-28 02:48:28 INFO  : User irka05(Id1002) is logged in
2022-11-28 02:49:00 INFO  : User irka05(Id1002) is logged in
2022-11-28 02:49:11 INFO  : User irka05(Id1002) is logged in
2022-11-28 02:49:24 INFO  : User irka05(Id1002) is logged in
2022-11-28 02:50:17 INFO  : User irka05(Id1002) is logged in
2022-11-28 02:50:50 INFO  : User irka05(Id1002) is logged in
2022-11-28 02:51:40 INFO  : User irka05(Id1002) is logged in
2022-11-28 02:52:39 INFO  : User irka05(Id1002) is logged in
2022-11-28 02:54:30 INFO  : User irka05(Id1002) is logged in
2022-11-28 02:56:02 INFO  : User irka05(Id1002) is logged in
2022-11-28 02:56:55 INFO  : User irka05(Id1002) is logged in
2022-11-28 02:57:17 INFO  : User irka05(Id1002) is logged in
2022-11-28 02:59:08 INFO  : User irka05(Id1002) is logged in
2022-11-28 03:01:47 INFO  : User irka05(Id1002) is logged in
2022-11-28 03:02:34 INFO  : User irka05(Id1002) is logged in
2022-11-28 03:03:09 INFO  : User irka05(Id1002) is logged in
2022-11-28 03:04:04 INFO  : User irka05(Id1002) is logged in
2022-11-28 03:05:54 INFO  : User irka05(Id1002) is logged in
2022-11-28 03:13:48 INFO  : User irka05(Id1002) is logged in
2022-11-28 03:14:27 INFO  : User irka05(Id1002) is logged in
2022-11-28 11:11:42 INFO  : User irka05(Id1002) is logged in
2022-11-28 11:13:36 INFO  : User irka05(Id1002) is logged in
2022-11-28 12:18:57 INFO  : User irka05(Id1002) is logged in
2022-11-28 13:45:48 INFO  : User irka05(Id1002) is logged in
2022-11-28 13:50:26 INFO  : User irka05(Id1002) is logged in
2022-11-28 13:53:01 INFO  : User irka05(Id1002) is logged in
2022-11-28 13:54:59 INFO  : User irka05(Id1002) is logged in
2022-11-28 13:56:58 INFO  : User irka05(Id1002) is logged in
2022-11-28 13:57:21 INFO  : User irka05(Id1002) is logged in
2022-11-28 13:58:56 INFO  : User irka05(Id1002) is logged in
2022-11-28 13:59:23 INFO  : User irka05(Id1002) is logged in
2022-11-28 14:00:27 INFO  : User irka05(Id1002) is logged in
2022-11-28 14:00:53 INFO  : User irka05(Id1002) is logged in
2022-11-28 14:01:09 INFO  : User irka05(Id1002) is logged in
2022-11-28 14:01:31 INFO  : User irka05(Id1002) is logged in
2022-11-28 14:01:53 INFO  : User irka05(Id1002) is logged in
2022-11-28 14:02:07 INFO  : User irka05(Id1002) is logged in
2022-11-28 14:11:18 INFO  : User irka05(Id1002) is logged in
2022-11-28 14:57:53 INFO  : User irka05(Id1002) is logged in
2022-11-28 14:58:15 INFO  : User irka05(Id1002) is logged in
2022-11-28 14:59:55 INFO  : User irka05(Id1002) is logged in
2022-11-28 15:00:38 INFO  : User irka05(Id1002) is logged in
2022-11-28 15:02:51 INFO  : User irka05(Id1002) is logged in
2022-11-28 15:07:31 INFO  : User irka05(Id1002) is logged in
2022-11-28 15:08:58 INFO  : User irka05(Id1002) is logged in
2022-11-28 15:09:43 INFO  : User irka05(Id1002) is logged in
2022-11-28 15:10:13 INFO  : User irka05(Id1002) is logged in
2022-11-28 15:10:49 INFO  : User irka05(Id1002) is logged in
2022-11-28 15:12:09 INFO  : User irka05(Id1002) is logged in
2022-11-28 15:46:27 ERROR : User irka05 entered the wrong password three times
2022-11-29 01:43:47 INFO  : User irka05(Id1002) is logged in
2022-11-29 01:45:40 ERROR : User irka05(Id1002) entered the wrong password three times
2022-11-29 01:53:17 INFO  : User irka05(Id1002) is logged in
2022-11-29 01:54:21 INFO  : User irka05(Id1002) is logged in
2022-11-29 01:57:04 INFO  : User irka05(Id1002) is logged in
2022-11-29 01:58:14 INFO  : User irka05(Id1002) is logged in
2022-11-29 02:12:45 INFO  : User irka05(Id1002) is logged in
2022-11-29 21:46:21 INFO  : User irka05(Id1002) is logged in
2022-11-30 01:31:27 INFO  : User irka05(Id1002) is logged in
2022-12-01 16:31:43 INFO  : User irka05(Id1002) is logged in
2022-12-01 16:32:40 INFO  : User irka05(Id1002) is logged in
2022-12-01 16:33:00 INFO  : User irka05(Id1002) is logged in
2022-12-01 21:05:41 INFO  : User irka05(Id1002) is logged in
2022-12-01 21:07:38 INFO  : User irka05(Id1002) is logged in
2022-12-01 21:14:06 INFO  : User irka05(Id1002) is logged in
2022-12-01 21:14:22 INFO  : User irka05(Id1002) is logged in
2022-12-01 21:26:42 INFO  : User irka05(Id1002) is logged in
2022-12-01 21:26:43 INFO  : User id1002 is logged out
2022-12-01 21:27:37 INFO  : User irka05(Id1002) is logged in
2022-12-01 21:27:38 INFO  : User irka05(id1002) is logged out
2022-12-01 22:44:22 INFO  : User irka05(Id1002) is logged in
2022-12-02 08:55:33 INFO  : User irka05(Id1002) is logged in
2022-12-02 08:56:04 INFO  : User irka05(id1002) is logged out
2022-12-02 09:22:15 INFO  : User irka05(Id1002) is logged in
2022-12-02 09:37:56 INFO  : User irka05(Id1002) is logged in
2022-12-02 09:59:16 INFO  : User irka05(Id1002) is logged in
2022-12-02 09:59:55 INFO  : User irka05(Id1002) is logged in
2022-12-02 10:00:11 INFO  : User irka05(Id1002) is logged in
2022-12-02 10:00:53 INFO  : User irka05(Id1002) is logged in
2022-12-02 10:01:10 INFO  : User irka05(Id1002) is logged in
2022-12-02 10:01:42 INFO  : User irka05(Id1002) is logged in
2022-12-02 10:02:09 INFO  : User irka05(Id1002) is logged in
2022-12-02 10:02:42 INFO  : User irka05(Id1002) is logged in
2022-12-02 10:03:08 INFO  : User irka05(Id1002) is logged in
2022-12-02 10:03:21 INFO  : User irka05(Id1002) is logged in
2022-12-02 10:28:22 INFO  : User irka05(Id1002) is logged in
2022-12-02 10:29:21 INFO  : User irka05(Id1002) is logged in
2022-12-02 10:29:38 INFO  : User irka05(Id1002) is logged in
2022-12-02 10:30:00 INFO  : User irka05(Id1002) is logged in
2022-12-02 10:30:58 INFO  : User irka05(Id1002) is logged in
2022-12-02 10:31:55 INFO  : User irka05(Id1002) is logged in
2022-12-02 10:32:22 INFO  : User irka05(Id1002) is logged in
2022-12-02 10:34:01 INFO  : User irka05(Id1002) is logged in
2022-12-02 10:34:17 INFO  : User irka05(Id1002) is logged in
2022-12-02 10:35:10 INFO  : User irka05(Id1002) is logged in
2022-12-02 10:35:26 INFO  : User irka05(Id1002) is logged in
2022-12-02 10:36:23 INFO  : User irka05(Id1002) is logged in
2022-12-02 10:37:46 INFO  : User irka05(Id1002) is logged in
2022-12-02 20:10:27 INFO  : User irka05(Id1002) is logged in
2022-12-03 16:25:19 INFO  : User irka05(Id1002) is logged in
2022-12-03 16:31:43 INFO  : User irka05(id1002) is logged out
2022-12-03 16:32:41 INFO  : User irka06(Id1005) is logged in
2022-12-03 16:32:45 INFO  : User irka06(id1005) is logged out
2022-12-03 16:33:08 INFO  : User irka06(Id1005) is logged in
2022-12-03 16:33:14 INFO  : User irka06(id1005) is logged out
2022-12-12 18:46:22 INFO  : User irka05(Id1002) is logged in
2022-12-12 18:47:10 INFO  : User irka05(id1002) is logged out
2022-12-21 13:38:20 INFO  : User irka05(Id1002) is logged in
2022-12-21 13:43:43 INFO  : User irka05(id1002) is logged out
2023-01-02 15:15:42 INFO  : User irka05(Id1002) is logged in
2023-01-02 15:16:39 INFO  : User irka05(Id1002) is logged in
2023-01-02 15:56:05 INFO  : User irka05(Id1002) is logged in
2023-01-02 15:57:15 INFO  : User irka05(Id1002) is logged in
2023-01-02 16:00:06 INFO  : User irka05(Id1002) is logged in
2023-01-02 16:00:36 INFO  : User irka05(Id1002) is logged in
2023-01-02 16:01:08 INFO  : User irka05(Id1002) is logged in
2023-01-02 17:03:48 INFO  : User irka05(Id1002) is logged in
2023-01-03 18:59:53 INFO  : User irka05(Id1002) is logged in
2023-01-03 19:07:59 INFO  : User irka05(Id1002) is logged in
2023-01-03 19:08:13 INFO  : User irka05(Id1002) is logged in
2023-01-03 19:26:32 INFO  : User irka05(Id1002) is logged in
2023-01-03 19:28:19 INFO  : User irka05(Id1002) is logged in
2023-01-03 19:29:43 INFO  : User irka05(Id1002) is logged in
2023-01-03 19:35:31 INFO  : User irka05(Id1002) is logged in
2023-01-03 19:58:19 INFO  : User irka05(Id1002) is logged in
2023-01-03 20:32:40 INFO  : User irka05(Id1002) is logged in
2023-01-03 20:34:52 INFO  : User irka05(Id1002) is logged in
2023-01-03 20:36:44 INFO  : User irka05(Id1002) is logged in
2023-01-03 20:44:55 INFO  : User irka05(Id1002) is logged in
2023-01-05 14:52:02 INFO  : User irka05(Id1002) is logged in
2023-01-05 15:33:10 INFO  : User irka05(Id1002) is logged in
2023-01-05 15:35:27 INFO  : User irka05(Id1002) is logged in
2023-01-05 15:55:24 INFO  : User irka05(id1002) is logged out
