2022-11-08 14:55:34 INFO  UserLogger:8 - User id1007entered the system
2022-11-08 15:07:58 INFO  UserLogger:11 - User id1007entered the system
2022-11-08 15:34:46 INFO  UserLogger: - User id1007entered the system
2022-11-08 15:37:07 INFO  :11 - User id1007 entered the system
2022-11-08 15:37:44 INFO  User id1007 entered the system
2022-11-08 15:37:57 INFO  : User id1007 is logged in
2022-11-08 15:38:32 INFO  : User id1007 is logged out
2022-11-08 15:45:55 INFO  : User id1012 has created an account
2022-11-08 15:45:55 INFO  : User id1007 is logged in
2022-11-08 16:34:13 ERROR : User id1007 entered the wrong password three times
2022-11-08 17:39:30 INFO  : User id1007 is logged in
2022-11-08 17:40:00 INFO  : User id1007 created derivative No1003
2022-11-08 17:40:15 INFO  : User id1007 is logged out
2022-11-08 17:54:01 INFO  : User id1007 is logged in
2022-11-08 17:54:08 INFO  : User id1007 is logged out
2022-11-08 17:59:25 INFO  : User id1007 is logged in
2022-11-08 17:59:38 INFO  : User id1007 created derivative No1003
2022-11-08 17:59:46 INFO  : User id1007 deleted derivative No1003
2022-11-08 17:59:48 INFO  : User id1007 is logged out
2022-11-08 18:00:18 INFO  : User id0 created insurance policy No1005
2022-11-08 18:00:56 INFO  : User id0 created insurance policy No1005
2022-11-08 18:01:43 INFO  : User id0 created insurance policy No1005
2022-11-08 18:01:53 INFO  : User id1005 deleted derivative No1005
2022-11-08 18:01:53 INFO  : User id1005 deleted derivative No1005
2022-11-08 18:01:53 INFO  : User id0 created derivative No1001
2022-11-08 18:03:32 INFO  : User id1 is logged in
2022-11-08 18:07:37 INFO  : User id1 is logged in
2022-11-08 18:09:04 INFO  : User id1 is logged in
2022-11-08 18:10:40 INFO  : User id1 is logged in
2022-11-08 18:10:55 INFO  : User id1 is logged in
2022-11-08 18:11:15 INFO  : User id1 is logged in
2022-11-08 18:11:21 INFO  : User id1 is logged in
2022-11-08 18:11:25 INFO  : User id0 created insurance policy No1005
2022-11-08 18:11:28 INFO  : User id0 created insurance policy No1005
2022-11-08 18:11:34 INFO  : User id1005 deleted derivative No1005
2022-11-08 18:11:34 INFO  : User id1005 deleted derivative No1005
2022-11-08 18:11:34 INFO  : User id0 created derivative No1001
2022-11-08 18:11:39 INFO  : User id1005 deleted derivative No1005
2022-11-08 18:11:39 INFO  : User id1005 deleted derivative No1005
2022-11-08 18:11:39 INFO  : User id0 created derivative No1001
2022-11-09 20:15:11 INFO  : User id1005 deleted derivative No1005
2022-11-09 20:15:11 INFO  : User id1005 deleted derivative No1005
2022-11-09 20:15:11 INFO  : User id0 created derivative No1001
2022-11-09 20:15:14 INFO  : User id1005 deleted derivative No1005
2022-11-09 20:15:14 INFO  : User id1005 deleted derivative No1005
2022-11-09 20:15:14 INFO  : User id0 created derivative No1001
2022-11-09 20:15:20 INFO  : User id0 created insurance policy No1005
2022-11-09 20:15:22 INFO  : User id0 created insurance policy No1005
2022-11-09 20:15:30 INFO  : User id1 is logged in
2022-11-09 20:15:34 INFO  : User id1 is logged in
2022-11-09 20:15:48 INFO  : User id1 is logged in
2022-11-09 20:15:52 INFO  : User id1 is logged in
2022-11-09 20:15:59 INFO  : User id0 created insurance policy No1005
2022-11-09 20:16:02 INFO  : User id0 created insurance policy No1005
